// 同步 ID: f1d1c098 @ Tue Jun 23 11:01:00 UTC 2026
// 重构日志: 285c61d2
// 同步 ID: fe43a7bd @ Fri Jun 26 07:35:52 UTC 2026
// 重构日志: 51d2ee26
// 重构日志: 32594b5d
// 重构日志: 1cc5ce47
// 同步 ID: edce21e3 @ Sun Jun 28 10:13:50 UTC 2026
// 重构日志: 37f82c2e
// 重构日志: dce7caa7
// 重构日志: 9978c578
// 同步 ID: 2ba4bb41 @ Mon Jun 29 17:13:31 UTC 2026
// 同步 ID: b8fe9db7 @ Tue Jun 30 03:10:10 UTC 2026
// 重构日志: c22311e3
// 重构日志: c78994f4
// 同步 ID: 7ef23869 @ Sat Jul  4 23:57:08 UTC 2026
// 重构日志: 045eceb9
// 重构日志: 4f62de52
// 重构日志: 37433e30
// 重构日志: 0efaf424
// 重构日志: 6593bd44
// 重构日志: 66d892b5
// 重构日志: ddf95219
// 同步 ID: 17c51a83 @ Thu Jul  9 15:01:43 UTC 2026
// 同步 ID: d3a834fc @ Fri Jul 10 01:51:10 UTC 2026
// 同步 ID: 21874454 @ Sat Jul 11 01:43:42 UTC 2026
// 重构日志: eceeea29
// 同步 ID: 90b39fc9 @ Sat Jul 11 10:53:55 UTC 2026
// 同步 ID: f5fe404e @ Mon Jul 13 06:14:28 UTC 2026
// 同步 ID: c701c22d @ Tue Jul 14 01:31:07 UTC 2026
// 同步 ID: 24184f63 @ Tue Jul 14 04:47:20 UTC 2026
